0 verbose cli /usr/bin/node /usr/bin/npm
1 info using npm@9.2.0
2 info using node@v22.22.1
3 timing npm:load:whichnode Completed in 0ms
4 timing config:load:defaults Completed in 2ms
5 timing config:load:file:/usr/share/nodejs/npm/npmrc Completed in 4ms
6 timing config:load:builtin Completed in 4ms
7 timing config:load:cli Completed in 2ms
8 timing config:load:env Completed in 0ms
9 timing config:load:project Completed in 5ms
10 timing config:load:file:/home/richerd_daniel/.npmrc Completed in 0ms
11 timing config:load:user Completed in 0ms
12 timing config:load:file:/etc/npmrc Completed in 0ms
13 timing config:load:global Completed in 0ms
14 timing config:load:setEnvs Completed in 1ms
15 timing config:load Completed in 15ms
16 timing npm:load:configload Completed in 15ms
17 timing npm:load:mkdirpcache Completed in 1ms
18 timing npm:load:mkdirplogs Completed in 0ms
19 verbose title npm install dotenv
20 verbose argv "install" "dotenv"
21 timing npm:load:setTitle Completed in 1ms
22 timing config:load:flatten Completed in 2ms
23 timing npm:load:display Completed in 2ms
24 verbose logfile logs-max:10 dir:/home/richerd_daniel/.npm/_logs/2026-06-09T14_30_33_740Z-
25 verbose logfile /home/richerd_daniel/.npm/_logs/2026-06-09T14_30_33_740Z-debug-0.log
26 timing npm:load:logFile Completed in 9ms
27 timing npm:load:timers Completed in 0ms
28 timing npm:load:configScope Completed in 0ms
29 timing npm:load Completed in 28ms
30 timing config:load:flatten Completed in 0ms
31 timing arborist:ctor Completed in 1ms
32 silly logfile done cleaning log files
33 timing idealTree:init Completed in 60ms
34 timing idealTree:userRequests Completed in 2ms
35 silly idealTree buildDeps
36 silly fetch manifest dotenv@*
37 timing arborist:ctor Completed in 0ms
38 http fetch GET 200 https://registry.npmjs.org/dotenv 596ms (cache miss)
39 silly placeDep ROOT dotenv@17.4.2 OK for: richerd_daniel@1.0.0 want: *
40 timing idealTree:#root Completed in 606ms
41 timing idealTree:node_modules/dotenv Completed in 0ms
42 timing idealTree:buildDeps Completed in 606ms
43 timing idealTree:fixDepFlags Completed in 1ms
44 timing idealTree Completed in 671ms
45 timing reify:loadTrees Completed in 671ms
46 timing reify:diffTrees Completed in 2ms
47 silly reify moves {}
48 timing reify:retireShallow Completed in 2ms
49 timing reify:createSparse Completed in 1ms
50 timing reify:loadBundles Completed in 0ms
51 silly audit bulk request {
51 silly audit   accepts: [ '2.0.0' ],
51 silly audit   'body-parser': [ '2.2.2' ],
51 silly audit   bytes: [ '3.1.2' ],
51 silly audit   'call-bind-apply-helpers': [ '1.0.2' ],
51 silly audit   'call-bound': [ '1.0.4' ],
51 silly audit   'content-disposition': [ '1.1.0' ],
51 silly audit   'content-type': [ '1.0.5', '2.0.0' ],
51 silly audit   cookie: [ '0.7.2' ],
51 silly audit   'cookie-signature': [ '1.2.2' ],
51 silly audit   debug: [ '4.4.3' ],
51 silly audit   depd: [ '2.0.0' ],
51 silly audit   'dunder-proto': [ '1.0.1' ],
51 silly audit   'ee-first': [ '1.1.1' ],
51 silly audit   encodeurl: [ '2.0.0' ],
51 silly audit   'es-define-property': [ '1.0.1' ],
51 silly audit   'es-errors': [ '1.3.0' ],
51 silly audit   'es-object-atoms': [ '1.1.2' ],
51 silly audit   'escape-html': [ '1.0.3' ],
51 silly audit   etag: [ '1.8.1' ],
51 silly audit   express: [ '5.2.1' ],
51 silly audit   finalhandler: [ '2.1.1' ],
51 silly audit   forwarded: [ '0.2.0' ],
51 silly audit   fresh: [ '2.0.0' ],
51 silly audit   'function-bind': [ '1.1.2' ],
51 silly audit   'get-intrinsic': [ '1.3.0' ],
51 silly audit   'get-proto': [ '1.0.1' ],
51 silly audit   gopd: [ '1.2.0' ],
51 silly audit   'has-symbols': [ '1.1.0' ],
51 silly audit   hasown: [ '2.0.4' ],
51 silly audit   'http-errors': [ '2.0.1' ],
51 silly audit   'iconv-lite': [ '0.7.2' ],
51 silly audit   inherits: [ '2.0.4' ],
51 silly audit   'ipaddr.js': [ '1.9.1' ],
51 silly audit   'is-promise': [ '4.0.0' ],
51 silly audit   'math-intrinsics': [ '1.1.0' ],
51 silly audit   'media-typer': [ '1.1.0' ],
51 silly audit   'merge-descriptors': [ '2.0.0' ],
51 silly audit   'mime-db': [ '1.54.0' ],
51 silly audit   'mime-types': [ '3.0.2' ],
51 silly audit   ms: [ '2.1.3' ],
51 silly audit   negotiator: [ '1.0.0' ],
51 silly audit   'object-inspect': [ '1.13.4' ],
51 silly audit   'on-finished': [ '2.4.1' ],
51 silly audit   once: [ '1.4.0' ],
51 silly audit   parseurl: [ '1.3.3' ],
51 silly audit   'path-to-regexp': [ '8.4.2' ],
51 silly audit   'proxy-addr': [ '2.0.7' ],
51 silly audit   qs: [ '6.15.2' ],
51 silly audit   'range-parser': [ '1.2.1' ],
51 silly audit   'raw-body': [ '3.0.2' ],
51 silly audit   router: [ '2.2.0' ],
51 silly audit   'safer-buffer': [ '2.1.2' ],
51 silly audit   send: [ '1.2.1' ],
51 silly audit   'serve-static': [ '2.2.1' ],
51 silly audit   setprototypeof: [ '1.2.0' ],
51 silly audit   'side-channel': [ '1.1.1' ],
51 silly audit   'side-channel-list': [ '1.0.1' ],
51 silly audit   'side-channel-map': [ '1.0.1' ],
51 silly audit   'side-channel-weakmap': [ '1.0.2' ],
51 silly audit   statuses: [ '2.0.2' ],
51 silly audit   toidentifier: [ '1.0.1' ],
51 silly audit   'type-is': [ '2.1.0' ],
51 silly audit   unpipe: [ '1.0.0' ],
51 silly audit   vary: [ '1.1.2' ],
51 silly audit   wrappy: [ '1.0.2' ],
51 silly audit   dotenv: [ '17.4.2' ]
51 silly audit }
52 silly tarball no local data for dotenv@https://registry.npmjs.org/dotenv/-/dotenv-17.4.2.tgz. Extracting by manifest.
53 http fetch GET 200 https://registry.npmjs.org/dotenv/-/dotenv-17.4.2.tgz 125ms (cache miss)
54 timing reifyNode:node_modules/dotenv Completed in 132ms
55 timing reify:unpack Completed in 132ms
56 timing reify:unretire Completed in 0ms
57 timing build:queue Completed in 0ms
58 timing build:deps Completed in 1ms
59 timing build Completed in 1ms
60 timing reify:build Completed in 2ms
61 timing reify:trash Completed in 0ms
62 timing reify:save Completed in 22ms
63 http fetch POST 200 https://registry.npmjs.org/-/npm/v1/security/advisories/bulk 238ms
64 timing auditReport:getReport Completed in 240ms
65 silly audit report {}
66 timing auditReport:init Completed in 0ms
67 timing reify:audit Completed in 242ms
68 timing reify Completed in 925ms
69 silly ADD node_modules/dotenv
70 timing command:install Completed in 934ms
71 verbose exit 0
72 timing npm Completed in 979ms
73 info ok
